===== 2026-03-14 11:13:21 START =====
wrote data/sources.json
wrote output/github/2026-03-14-openclaw-tutorial.md
wrote output/xhs/2026-03-14-xhs.md
error: cannot pull with rebase: You have unstaged changes.
error: Please commit or stash them.
[main 9a43a03] chore: daily openclaw tutorial update
 Committer: Lizzy <lizzysong@MacBook16G.local>
Your name and email address were configured automatically based
on your username and hostname. Please check that they are accurate.
You can suppress this message by setting them explicitly:

    git config --global user.name "Your Name"
    git config --global user.email you@example.com

After doing this, you may fix the identity used for this commit with:

    git commit --amend --reset-author

 4 files changed, 148 insertions(+), 1 deletion(-)
 create mode 100644 openclaw-tutorial-series/output/daily-local.log
 create mode 100755 openclaw-tutorial-series/scripts/daily_local.sh
 create mode 100755 openclaw-tutorial-series/scripts/publish_xhs_playwright.py
To https://github.com/charlieliu9999/xiaofuzi-lab.git
   e925aa4..9a43a03  main -> main
Traceback (most recent call last):
  File "/Users/lizzysong/.openclaw/workspace/openclaw-tutorial-series/scripts/publish_xhs_playwright.py", line 110, in <module>
    main()
  File "/Users/lizzysong/.openclaw/workspace/openclaw-tutorial-series/scripts/publish_xhs_playwright.py", line 101, in main
    page.locator("text=发布").first.click()
  File "/Users/lizzysong/Library/Python/3.10/lib/python/site-packages/playwright/sync_api/_generated.py", line 15631, in click
    self._sync(
  File "/Users/lizzysong/Library/Python/3.10/lib/python/site-packages/playwright/_impl/_sync_base.py", line 115, in _sync
    return task.result()
  File "/Users/lizzysong/Library/Python/3.10/lib/python/site-packages/playwright/_impl/_locator.py", line 162, in click
    return await self._frame._click(self._selector, strict=True, **params)
  File "/Users/lizzysong/Library/Python/3.10/lib/python/site-packages/playwright/_impl/_frame.py", line 566, in _click
    await self._channel.send("click", self._timeout, locals_to_params(locals()))
  File "/Users/lizzysong/Library/Python/3.10/lib/python/site-packages/playwright/_impl/_connection.py", line 69, in send
    return await self._connection.wrap_api_call(
  File "/Users/lizzysong/Library/Python/3.10/lib/python/site-packages/playwright/_impl/_connection.py", line 559, in wrap_api_call
    raise rewrite_error(error, f"{parsed_st['apiName']}: {error}") from None
playwright._impl._errors.TimeoutError: Locator.click: Timeout 30000ms exceeded.
Call log:
  - waiting for locator("text=发布").first
    - locator resolved to <span class="des" data-v-7db28a5e="">让创作发布、数据分析、商业变现更高效。</span>
  - attempting click action
    2 × waiting for element to be visible, enabled and stable
      - element is visible, enabled and stable
      - scrolling into view if needed
      - done scrolling
      - <div class="mask" data-v-7db28a5e=""></div> intercepts pointer events
    - retrying click action
    - waiting 20ms
    2 × waiting for element to be visible, enabled and stable
      - element is visible, enabled and stable
      - scrolling into view if needed
      - done scrolling
      - <div class="mask" data-v-7db28a5e=""></div> intercepts pointer events
    - retrying click action
      - waiting 100ms
    - waiting for element to be visible, enabled and stable
    - element is visible, enabled and stable
    - scrolling into view if needed
    - done scrolling
    - <div class="mask" data-v-7db28a5e=""></div> intercepts pointer events
  - retrying click action
    - waiting 500ms
    - waiting for element to be visible, enabled and stable

===== 2026-03-14 11:14:30 END =====
===== 2026-03-14 18:00:00 START =====
wrote data/sources.json
wrote output/github/2026-03-14-openclaw-tutorial.md
wrote output/xhs/2026-03-14-xhs.md
error: cannot pull with rebase: You have unstaged changes.
error: Please commit or stash them.
[main 4d78b61] chore: daily openclaw tutorial update
 Committer: Lizzy <lizzysong@MacBook16G.local>
Your name and email address were configured automatically based
on your username and hostname. Please check that they are accurate.
You can suppress this message by setting them explicitly:

    git config --global user.name "Your Name"
    git config --global user.email you@example.com

After doing this, you may fix the identity used for this commit with:

    git commit --amend --reset-author

 5 files changed, 240 insertions(+), 8 deletions(-)
 create mode 100644 openclaw-tutorial-series/docs/CONTENT_QUALITY_GATE.zh-CN.md
 create mode 100644 openclaw-tutorial-series/docs/PIPELINE_SOP.zh-CN.md
fatal: could not read Username for 'https://github.com': Device not configured
===== 2026-03-15 18:00:00 START =====
wrote data/sources.json
wrote output/github/2026-03-15-openclaw-tutorial.md
wrote output/xhs/2026-03-15-xhs.md
